[2022-05-27T21:55:34.840] [DEBUG] cheese - login => username:admin,password:123456
[2022-05-27T21:55:34.841] [DEBUG] cheese - admin
[2022-05-27T21:55:34.851] [DEBUG] cheese - null
[2022-05-27T21:55:34.852] [DEBUG] cheese - null
[2022-05-27T21:56:25.707] [DEBUG] cheese - login => username:admin,password:123456
[2022-05-27T21:56:25.707] [DEBUG] cheese - admin
[2022-05-27T21:56:25.710] [DEBUG] cheese - null
[2022-05-27T21:56:25.710] [DEBUG] cheese - null
[2022-05-27T21:58:40.634] [DEBUG] cheese - login => username:admin,password:123456
[2022-05-27T21:58:40.635] [DEBUG] cheese - admin
[2022-05-27T21:58:40.636] [DEBUG] cheese - null
[2022-05-27T21:58:40.636] [DEBUG] cheese - null
[2022-05-27T22:00:23.868] [DEBUG] cheese - login => username:admin,password:123456
[2022-05-27T22:00:23.868] [DEBUG] cheese - admin
[2022-05-27T22:00:23.870] [DEBUG] cheese - null
[2022-05-27T22:00:23.870] [DEBUG] cheese - null
[2022-05-27T22:00:40.535] [DEBUG] cheese - login => username:admin,password:123456
[2022-05-27T22:00:40.535] [DEBUG] cheese - admin
[2022-05-27T22:00:40.537] [DEBUG] cheese - null
[2022-05-27T22:00:40.537] [DEBUG] cheese - null
[2022-05-27T22:01:10.703] [DEBUG] cheese - login => username:adminsasd,password:123456
[2022-05-27T22:01:10.703] [DEBUG] cheese - adminsasd
[2022-05-27T22:01:10.704] [DEBUG] cheese - null
[2022-05-27T22:01:10.704] [DEBUG] cheese - null
[2022-05-27T22:02:00.532] [DEBUG] cheese - login => username:adminasd,password:123456
[2022-05-27T22:02:00.532] [DEBUG] cheese - adminasd
[2022-05-27T22:02:00.534] [DEBUG] cheese - null
[2022-05-27T22:02:00.534] [DEBUG] cheese - null
[2022-05-27T22:02:08.341] [DEBUG] cheese - login => username:admin,password:123456
[2022-05-27T22:02:08.341] [DEBUG] cheese - admin
[2022-05-27T22:02:08.343] [DEBUG] cheese - null
[2022-05-27T22:02:08.343] [DEBUG] cheese - null
[2022-05-27T22:04:21.122] [DEBUG] cheese - login => username:admin,password:123456
[2022-05-27T22:04:21.122] [DEBUG] cheese - admin
[2022-05-27T22:04:21.124] [DEBUG] cheese - null
[2022-05-27T22:04:21.124] [DEBUG] cheese - null
[2022-05-27T22:04:37.806] [DEBUG] cheese - login => username:admin,password:123456
[2022-05-27T22:04:37.806] [DEBUG] cheese - admin
[2022-05-27T22:04:37.808] [DEBUG] cheese - null
[2022-05-27T22:04:37.808] [DEBUG] cheese - null
[2022-05-27T22:05:28.630] [DEBUG] cheese - login => username:admin,password:123456
[2022-05-27T22:05:28.631] [DEBUG] cheese - admin
[2022-05-27T22:05:28.632] [DEBUG] cheese - null
[2022-05-27T22:05:28.632] [DEBUG] cheese - null
[2022-05-27T22:44:30.666] [DEBUG] cheese - login => username:admin,password:123456
[2022-05-27T22:44:30.666] [DEBUG] cheese - admin
[2022-05-27T22:44:30.668] [DEBUG] cheese - null
[2022-05-27T22:44:30.668] [DEBUG] cheese - null
[2022-05-27T22:45:01.690] [DEBUG] cheese - login => username:admin,password:123456
[2022-05-27T22:45:01.690] [DEBUG] cheese - admin
[2022-05-27T22:45:01.691] [DEBUG] cheese - null
[2022-05-27T22:45:01.691] [DEBUG] cheese - null
[2022-05-27T22:50:59.733] [DEBUG] cheese - login => username:admin,password:123456
[2022-05-27T22:50:59.733] [DEBUG] cheese - admin
[2022-05-27T22:50:59.736] [DEBUG] cheese - null
[2022-05-27T22:50:59.736] [DEBUG] cheese - null
[2022-05-27T22:51:53.902] [DEBUG] cheese - login => username:admin,password:123456
[2022-05-27T22:51:53.902] [DEBUG] cheese - admin
[2022-05-27T22:51:53.903] [DEBUG] cheese - null
[2022-05-27T22:51:53.904] [DEBUG] cheese - null
[2022-05-27T22:53:58.170] [DEBUG] cheese - login => username:admin,password:123456
[2022-05-27T22:53:58.170] [DEBUG] cheese - admin
[2022-05-27T22:53:58.172] [DEBUG] cheese - null
[2022-05-27T22:53:58.172] [DEBUG] cheese - null
[2022-05-28T20:09:20.148] [DEBUG] cheese - login => username:admin,password:123456
[2022-05-28T20:09:20.149] [DEBUG] cheese - admin
[2022-05-28T20:09:20.161] [DEBUG] cheese - null
[2022-05-28T20:09:20.161] [DEBUG] cheese - null
[2022-05-28T20:20:17.122] [DEBUG] cheese - login => username:admin,password:123456
[2022-05-28T20:20:17.122] [DEBUG] cheese - admin
[2022-05-28T20:20:17.125] [DEBUG] cheese - null
[2022-05-28T20:20:17.125] [DEBUG] cheese - null
[2022-05-28T20:54:09.370] [DEBUG] cheese - login => username:admin,password:123456
[2022-05-28T20:54:09.370] [DEBUG] cheese - admin
[2022-05-28T20:54:09.372] [DEBUG] cheese - null
[2022-05-28T20:54:09.372] [DEBUG] cheese - null
[2022-05-28T20:54:13.803] [DEBUG] cheese - login => username:admin,password:123456
[2022-05-28T20:54:13.803] [DEBUG] cheese - admin
[2022-05-28T20:54:13.806] [DEBUG] cheese - null
[2022-05-28T20:54:13.806] [DEBUG] cheese - null
[2022-05-28T21:52:39.908] [DEBUG] cheese - login => username:admin,password:123456
[2022-05-28T21:52:39.908] [DEBUG] cheese - admin
[2022-05-28T21:52:39.909] [DEBUG] cheese - null
[2022-05-28T21:52:39.909] [DEBUG] cheese - null
[2022-05-28T22:20:11.906] [DEBUG] cheese - login => username:admin,password:123456
[2022-05-28T22:20:11.906] [DEBUG] cheese - admin
[2022-05-28T22:20:11.908] [DEBUG] cheese - null
[2022-05-28T22:20:11.908] [DEBUG] cheese - null
[2022-05-28T22:33:09.622] [DEBUG] cheese - login => username:admin,password:123456
[2022-05-28T22:33:09.622] [DEBUG] cheese - admin
[2022-05-28T22:33:09.625] [DEBUG] cheese - null
[2022-05-28T22:33:09.625] [DEBUG] cheese - null
[2022-05-28T22:34:04.094] [DEBUG] cheese - login => username:admin,password:123456
[2022-05-28T22:34:04.094] [DEBUG] cheese - admin
[2022-05-28T22:34:04.095] [DEBUG] cheese - null
[2022-05-28T22:34:04.095] [DEBUG] cheese - null
[2022-05-28T23:58:19.446] [DEBUG] cheese - login => username:admin,password:123456
[2022-05-28T23:58:19.446] [DEBUG] cheese - admin
[2022-05-28T23:58:19.447] [DEBUG] cheese - null
[2022-05-28T23:58:19.447] [DEBUG] cheese - null
[2022-05-29T23:42:13.548] [DEBUG] cheese - login => username:admin,password:123456
[2022-05-29T23:42:13.549] [DEBUG] cheese - admin
[2022-05-29T23:42:13.562] [DEBUG] cheese - null
[2022-05-29T23:42:13.563] [DEBUG] cheese - null
[2022-05-30T00:14:49.400] [DEBUG] cheese - login => username:admin,password:123456
[2022-05-30T00:14:49.401] [DEBUG] cheese - admin
[2022-05-30T00:14:49.404] [DEBUG] cheese - null
[2022-05-30T00:14:49.404] [DEBUG] cheese - null
[2022-06-06T09:08:49.986] [DEBUG] cheese - login => username:admin,password:123456
[2022-06-06T09:08:49.987] [DEBUG] cheese - admin
[2022-06-06T09:08:49.999] [DEBUG] cheese - null
[2022-06-06T09:08:49.999] [DEBUG] cheese - null
[2022-06-06T10:08:16.939] [DEBUG] cheese - login => username:admin,password:123456
[2022-06-06T10:08:16.939] [DEBUG] cheese - admin
[2022-06-06T10:08:16.941] [DEBUG] cheese - null
[2022-06-06T10:08:16.941] [DEBUG] cheese - null
[2022-06-06T10:09:47.725] [DEBUG] cheese - login => username:admin,password:123456
[2022-06-06T10:09:47.725] [DEBUG] cheese - admin
[2022-06-06T10:09:47.726] [DEBUG] cheese - null
[2022-06-06T10:09:47.726] [DEBUG] cheese - null
[2022-06-06T10:12:23.680] [DEBUG] cheese - login => username:admin,password:123456
[2022-06-06T10:12:23.680] [DEBUG] cheese - admin
[2022-06-06T10:12:23.681] [DEBUG] cheese - null
[2022-06-06T10:12:23.681] [DEBUG] cheese - null
[2022-06-06T10:14:31.920] [DEBUG] cheese - login => username:admin,password:123456
[2022-06-06T10:14:31.920] [DEBUG] cheese - admin
[2022-06-06T10:14:31.922] [DEBUG] cheese - null
[2022-06-06T10:14:31.922] [DEBUG] cheese - null
[2022-06-06T10:18:56.561] [DEBUG] cheese - login => username:admin,password:123456
[2022-06-06T10:18:56.561] [DEBUG] cheese - admin
[2022-06-06T10:18:56.563] [DEBUG] cheese - null
[2022-06-06T10:18:56.563] [DEBUG] cheese - null
[2022-06-06T10:22:26.193] [DEBUG] cheese - login => username:admin,password:123456
[2022-06-06T10:22:26.193] [DEBUG] cheese - admin
[2022-06-06T10:22:26.195] [DEBUG] cheese - null
[2022-06-06T10:22:26.195] [DEBUG] cheese - null
[2022-06-07T13:31:53.857] [DEBUG] cheese - login => username:admin,password:123456
[2022-06-07T13:31:53.858] [DEBUG] cheese - admin
[2022-06-07T13:31:53.870] [DEBUG] cheese - null
[2022-06-07T13:31:53.870] [DEBUG] cheese - null
[2022-06-07T17:56:22.894] [DEBUG] cheese - null
[2022-06-07T17:58:02.244] [DEBUG] cheese - null
[2022-06-07T18:00:52.764] [DEBUG] cheese - null
[2022-06-07T18:00:56.255] [DEBUG] cheese - null
[2022-06-07T18:00:58.292] [DEBUG] cheese - null
[2022-06-07T18:02:00.610] [DEBUG] cheese - null
[2022-06-07T18:08:06.238] [DEBUG] cheese - null
[2022-06-07T18:08:09.056] [DEBUG] cheese - null
[2022-06-07T18:56:41.800] [DEBUG] cheese - login => username:admin,password:123456
[2022-06-07T18:56:41.800] [DEBUG] cheese - admin
[2022-06-07T18:56:41.804] [DEBUG] cheese - null
[2022-06-07T18:56:41.804] [DEBUG] cheese - null
[2022-06-07T23:03:30.196] [DEBUG] cheese - login => username:admin,password:123456
[2022-06-07T23:03:30.196] [DEBUG] cheese - admin
[2022-06-07T23:03:30.198] [DEBUG] cheese - null
[2022-06-07T23:03:30.198] [DEBUG] cheese - null
[2022-06-08T10:36:00.189] [DEBUG] cheese - login => username:admin,password:123456
[2022-06-08T10:36:00.190] [DEBUG] cheese - admin
[2022-06-08T10:36:00.199] [DEBUG] cheese - null
[2022-06-08T10:36:00.199] [DEBUG] cheese - null
[2022-06-08T21:09:50.482] [DEBUG] cheese - null
[2022-06-08T21:09:52.795] [DEBUG] cheese - null
[2022-06-08T22:50:30.626] [DEBUG] cheese - login => username:admin,password:123456
[2022-06-08T22:50:30.626] [DEBUG] cheese - admin
[2022-06-08T22:50:30.630] [DEBUG] cheese - null
[2022-06-08T22:50:30.630] [DEBUG] cheese - null
[2022-06-08T23:32:27.479] [DEBUG] cheese - login => username:admin,password:123456
[2022-06-08T23:32:27.480] [DEBUG] cheese - admin
[2022-06-08T23:32:27.481] [DEBUG] cheese - null
[2022-06-08T23:32:27.481] [DEBUG] cheese - null
[2022-06-09T09:31:49.113] [DEBUG] cheese - login => username:admin,password:123456
[2022-06-09T09:31:49.114] [DEBUG] cheese - admin
[2022-06-09T09:31:49.123] [DEBUG] cheese - null
[2022-06-09T09:31:49.124] [DEBUG] cheese - null
[2022-06-09T13:35:05.208] [DEBUG] cheese - login => username:admin,password:123456
[2022-06-09T13:35:05.209] [DEBUG] cheese - admin
[2022-06-09T13:35:05.213] [DEBUG] cheese - null
[2022-06-09T13:35:05.213] [DEBUG] cheese - null
[2022-06-09T13:36:03.669] [DEBUG] cheese - login => username:admin,password:123456
[2022-06-09T13:36:03.670] [DEBUG] cheese - admin
[2022-06-09T13:36:03.671] [DEBUG] cheese - null
[2022-06-09T13:36:03.671] [DEBUG] cheese - null
[2022-06-09T13:46:13.600] [DEBUG] cheese - null
[2022-06-09T17:50:45.045] [DEBUG] cheese - login => username:admin,password:123456
[2022-06-09T17:50:45.046] [DEBUG] cheese - admin
[2022-06-09T17:50:45.056] [DEBUG] cheese - null
[2022-06-09T17:50:45.056] [DEBUG] cheese - null
[2022-06-09T17:51:20.345] [DEBUG] cheese - login => username:admin,password:123456
[2022-06-09T17:51:20.345] [DEBUG] cheese - admin
[2022-06-09T17:51:20.346] [DEBUG] cheese - null
[2022-06-09T17:51:20.346] [DEBUG] cheese - null
[2022-06-09T18:55:31.176] [DEBUG] cheese - login => username:admin,password:123456
[2022-06-09T18:55:31.176] [DEBUG] cheese - admin
[2022-06-09T18:55:31.178] [DEBUG] cheese - null
[2022-06-09T18:55:31.178] [DEBUG] cheese - null
[2022-06-10T10:30:20.624] [DEBUG] cheese - login => username:admin,password:123456
[2022-06-10T10:30:20.626] [DEBUG] cheese - admin
[2022-06-10T10:30:20.640] [DEBUG] cheese - null
[2022-06-10T10:30:20.640] [DEBUG] cheese - null
[2022-06-11T10:23:27.040] [DEBUG] cheese - login => username:admin,password:123456
[2022-06-11T10:23:27.041] [DEBUG] cheese - admin
[2022-06-11T10:23:27.051] [DEBUG] cheese - null
[2022-06-11T10:23:27.051] [DEBUG] cheese - null
[2022-06-12T16:14:40.996] [DEBUG] cheese - login => username:admin,password:123456
[2022-06-12T16:14:40.997] [DEBUG] cheese - admin
[2022-06-12T16:14:41.008] [DEBUG] cheese - null
[2022-06-12T16:14:41.009] [DEBUG] cheese - null
[2022-06-13T22:44:03.669] [DEBUG] cheese - login => username:admin,password:123456
[2022-06-13T22:44:03.670] [DEBUG] cheese - admin
[2022-06-13T22:44:03.681] [DEBUG] cheese - null
[2022-06-13T22:44:03.682] [DEBUG] cheese - null
[2022-06-13T23:11:42.899] [DEBUG] cheese - login => username:admin,password:123456
[2022-06-13T23:11:42.900] [DEBUG] cheese - admin
[2022-06-13T23:11:42.902] [DEBUG] cheese - null
[2022-06-13T23:11:42.902] [DEBUG] cheese - null
[2022-06-14T00:16:41.012] [DEBUG] cheese - login => username:admin,password:123456
[2022-06-14T00:16:41.013] [DEBUG] cheese - admin
[2022-06-14T00:16:41.015] [DEBUG] cheese - null
[2022-06-14T00:16:41.015] [DEBUG] cheese - null
[2022-06-14T15:55:06.675] [DEBUG] cheese - login => username:admin,password:123456
[2022-06-14T15:55:06.676] [DEBUG] cheese - admin
[2022-06-14T15:55:06.685] [DEBUG] cheese - null
[2022-06-14T15:55:06.686] [DEBUG] cheese - null
[2022-06-14T20:48:24.595] [DEBUG] cheese - null
[2022-06-14T20:49:59.238] [DEBUG] cheese - null
[2022-06-14T21:27:56.843] [DEBUG] cheese - null
[2022-06-14T23:07:35.389] [DEBUG] cheese - null
[2022-06-15T00:50:53.579] [DEBUG] cheese - null
[2022-06-15T00:51:16.909] [DEBUG] cheese - null
[2022-06-15T00:51:55.294] [DEBUG] cheese - null
[2022-06-15T00:56:43.153] [DEBUG] cheese - null
[2022-06-15T00:57:21.983] [DEBUG] cheese - null
[2022-06-15T00:57:49.420] [DEBUG] cheese - null
[2022-06-15T00:58:04.837] [DEBUG] cheese - null
[2022-06-15T01:13:15.222] [DEBUG] cheese - null
[2022-06-15T21:34:03.725] [DEBUG] cheese - login => username:admin,password:123456
[2022-06-15T21:34:03.726] [DEBUG] cheese - admin
[2022-06-15T21:34:03.737] [DEBUG] cheese - null
[2022-06-15T21:34:03.737] [DEBUG] cheese - null
[2022-06-15T21:38:21.562] [DEBUG] cheese - null
[2022-06-15T21:40:16.685] [DEBUG] cheese - null
[2022-06-15T22:07:51.425] [DEBUG] cheese - null
[2022-06-15T22:08:06.673] [DEBUG] cheese - null
[2022-06-15T22:57:05.807] [DEBUG] cheese - null
[2022-06-15T23:04:04.438] [DEBUG] cheese - null
[2022-06-15T23:05:06.322] [DEBUG] cheese - null
[2022-06-15T23:05:10.361] [DEBUG] cheese - null
[2022-06-16T00:36:59.632] [DEBUG] cheese - login => username:admin,password:123456
[2022-06-16T00:36:59.633] [DEBUG] cheese - admin
[2022-06-16T00:36:59.637] [DEBUG] cheese - null
[2022-06-16T00:36:59.638] [DEBUG] cheese - null
[2022-06-16T22:17:23.935] [DEBUG] cheese - login => username:admin,password:123456
[2022-06-16T22:17:23.936] [DEBUG] cheese - admin
[2022-06-16T22:17:23.947] [DEBUG] cheese - null
[2022-06-16T22:17:23.947] [DEBUG] cheese - null
[2022-06-17T17:23:16.868] [DEBUG] cheese - login => username:admin,password:123456
[2022-06-17T17:23:16.869] [DEBUG] cheese - admin
[2022-06-17T17:23:16.871] [DEBUG] cheese - null
[2022-06-17T17:23:16.872] [DEBUG] cheese - null
[2022-06-17T23:16:28.303] [DEBUG] cheese - login => username:admin,password:123456
[2022-06-17T23:16:28.304] [DEBUG] cheese - admin
[2022-06-17T23:16:28.306] [DEBUG] cheese - null
[2022-06-17T23:16:28.306] [DEBUG] cheese - null
[2022-06-17T23:16:37.199] [DEBUG] cheese - login => username:admin,password:123456
[2022-06-17T23:16:37.199] [DEBUG] cheese - admin
[2022-06-17T23:16:37.201] [DEBUG] cheese - null
[2022-06-17T23:16:37.201] [DEBUG] cheese - null
[2022-06-18T00:36:27.417] [DEBUG] cheese - login => username:admin,password:123456
[2022-06-18T00:36:27.419] [DEBUG] cheese - admin
[2022-06-18T00:36:27.424] [DEBUG] cheese - null
[2022-06-18T00:36:27.424] [DEBUG] cheese - null
[2022-06-18T00:48:22.923] [DEBUG] cheese - login => username:admin,password:123456
[2022-06-18T00:48:22.924] [DEBUG] cheese - admin
[2022-06-18T00:48:22.927] [DEBUG] cheese - null
[2022-06-18T00:48:22.927] [DEBUG] cheese - null
[2022-06-18T00:49:38.380] [DEBUG] cheese - login => username:admin,password:123456
[2022-06-18T00:49:38.380] [DEBUG] cheese - admin
[2022-06-18T00:49:38.382] [DEBUG] cheese - null
[2022-06-18T00:49:38.382] [DEBUG] cheese - null
[2022-06-18T00:49:44.595] [DEBUG] cheese - login => username:admin,password:123456
[2022-06-18T00:49:44.595] [DEBUG] cheese - admin
[2022-06-18T00:49:44.596] [DEBUG] cheese - null
[2022-06-18T00:49:44.596] [DEBUG] cheese - null
[2022-06-18T00:51:29.184] [DEBUG] cheese - null
[2022-06-18T00:58:33.290] [DEBUG] cheese - login => username:admin,password:123456
[2022-06-18T00:58:33.290] [DEBUG] cheese - admin
[2022-06-18T00:58:33.292] [DEBUG] cheese - null
[2022-06-18T00:58:33.293] [DEBUG] cheese - null
[2022-06-18T13:45:32.094] [DEBUG] cheese - login => username:admin,password:123456
[2022-06-18T13:45:32.095] [DEBUG] cheese - admin
[2022-06-18T13:45:32.106] [DEBUG] cheese - null
[2022-06-18T13:45:32.106] [DEBUG] cheese - null
[2022-06-18T13:56:29.336] [DEBUG] cheese - login => username:admin,password:123456
[2022-06-18T13:56:29.337] [DEBUG] cheese - admin
[2022-06-18T13:56:29.340] [DEBUG] cheese - null
[2022-06-18T13:56:29.340] [DEBUG] cheese - null
[2022-06-18T15:59:55.713] [DEBUG] cheese - login => username:admin,password:123456
[2022-06-18T15:59:55.713] [DEBUG] cheese - admin
[2022-06-18T15:59:55.715] [DEBUG] cheese - null
[2022-06-18T15:59:55.716] [DEBUG] cheese - null
[2022-06-18T16:12:11.630] [DEBUG] cheese - login => username:admin,password:123456
[2022-06-18T16:12:11.632] [DEBUG] cheese - admin
[2022-06-18T16:12:11.633] [DEBUG] cheese - null
[2022-06-18T16:12:11.634] [DEBUG] cheese - null
[2022-06-18T16:22:05.977] [DEBUG] cheese - login => username:admin,password:123456
[2022-06-18T16:22:05.977] [DEBUG] cheese - admin
[2022-06-18T16:22:05.978] [DEBUG] cheese - null
[2022-06-18T16:22:05.978] [DEBUG] cheese - null
[2022-06-18T16:25:03.978] [DEBUG] cheese - login => username:admin,password:123456
[2022-06-18T16:25:03.979] [DEBUG] cheese - admin
[2022-06-18T16:25:03.980] [DEBUG] cheese - null
[2022-06-18T16:25:03.980] [DEBUG] cheese - null
[2022-06-18T16:25:12.117] [DEBUG] cheese - login => username:admin,password:123456
[2022-06-18T16:25:12.117] [DEBUG] cheese - admin
[2022-06-18T16:25:12.119] [DEBUG] cheese - null
[2022-06-18T16:25:12.119] [DEBUG] cheese - null
[2022-06-18T16:29:04.977] [DEBUG] cheese - login => username:admin,password:123456
[2022-06-18T16:29:04.978] [DEBUG] cheese - admin
[2022-06-18T16:29:04.980] [DEBUG] cheese - null
[2022-06-18T16:29:04.980] [DEBUG] cheese - null
[2022-06-18T16:35:59.464] [DEBUG] cheese - null
[2022-06-18T16:38:32.129] [DEBUG] cheese - login => username:admin,password:123456
[2022-06-18T16:38:32.130] [DEBUG] cheese - admin
[2022-06-18T16:38:32.132] [DEBUG] cheese - null
[2022-06-18T16:38:32.132] [DEBUG] cheese - null
[2022-06-18T16:41:19.306] [DEBUG] cheese - login => username:admin,password:123456
[2022-06-18T16:41:19.307] [DEBUG] cheese - admin
[2022-06-18T16:41:19.309] [DEBUG] cheese - null
[2022-06-18T16:41:19.310] [DEBUG] cheese - null
[2022-06-18T16:42:27.596] [DEBUG] cheese - login => username:admin,password:123456
[2022-06-18T16:42:27.597] [DEBUG] cheese - admin
[2022-06-18T16:42:27.600] [DEBUG] cheese - null
[2022-06-18T16:42:27.600] [DEBUG] cheese - null
[2022-06-18T16:43:22.849] [DEBUG] cheese - null
[2022-06-18T16:43:36.908] [DEBUG] cheese - login => username:admin,password:123456
[2022-06-18T16:43:36.909] [DEBUG] cheese - admin
[2022-06-18T16:43:36.912] [DEBUG] cheese - null
[2022-06-18T16:43:36.913] [DEBUG] cheese - null
[2022-06-18T16:43:49.172] [DEBUG] cheese - login => username:admin,password:123456
[2022-06-18T16:43:49.172] [DEBUG] cheese - admin
[2022-06-18T16:43:49.175] [DEBUG] cheese - null
[2022-06-18T16:43:49.175] [DEBUG] cheese - null
[2022-06-18T16:46:45.281] [DEBUG] cheese - login => username:admin,password:123456
[2022-06-18T16:46:45.282] [DEBUG] cheese - admin
[2022-06-18T16:46:45.284] [DEBUG] cheese - null
[2022-06-18T16:46:45.284] [DEBUG] cheese - null
[2022-06-18T16:47:03.245] [DEBUG] cheese - login => username:admin,password:123456
[2022-06-18T16:47:03.245] [DEBUG] cheese - admin
[2022-06-18T16:47:03.247] [DEBUG] cheese - null
[2022-06-18T16:47:03.247] [DEBUG] cheese - null
[2022-06-18T17:11:10.027] [DEBUG] cheese - null
[2022-06-18T17:11:29.451] [DEBUG] cheese - null
[2022-06-18T17:11:31.553] [DEBUG] cheese - null
[2022-06-18T17:11:34.202] [DEBUG] cheese - null
[2022-06-18T17:14:01.547] [DEBUG] cheese - null
[2022-06-18T17:14:13.768] [DEBUG] cheese - null
[2022-06-18T17:14:33.534] [DEBUG] cheese - null
[2022-06-18T17:20:10.447] [DEBUG] cheese - login => username:admin,password:123456
[2022-06-18T17:20:10.448] [DEBUG] cheese - admin
[2022-06-18T17:20:10.450] [DEBUG] cheese - null
[2022-06-18T17:20:10.450] [DEBUG] cheese - null
